GowinSynthesis start
Running parser ...
Analyzing Verilog file 'C:\Users\Dems1\Documents\Workspaces\Tang\Projects\ASCIItoMorse\src\Convertor.v'
Analyzing Verilog file 'C:\Users\Dems1\Documents\Workspaces\Tang\Projects\ASCIItoMorse\src\Top.v'
Analyzing Verilog file 'C:\Users\Dems1\Documents\Workspaces\Tang\Projects\ASCIItoMorse\src\buffer.v'
Analyzing Verilog file 'C:\Users\Dems1\Documents\Workspaces\Tang\Projects\ASCIItoMorse\src\wbuart32\rxuart.v'
Analyzing Verilog file 'C:\Users\Dems1\Documents\Workspaces\Tang\Projects\ASCIItoMorse\src\wbuart32\txuart.v'
WARN  (EX3073) : Port 'o_break' remains unconnected for this instance("C:\Users\Dems1\Documents\Workspaces\Tang\Projects\ASCIItoMorse\src\Top.v":111)
WARN  (EX3073) : Port 'o_busy' remains unconnected for this instance("C:\Users\Dems1\Documents\Workspaces\Tang\Projects\ASCIItoMorse\src\Top.v":122)
Compiling module 'top'("C:\Users\Dems1\Documents\Workspaces\Tang\Projects\ASCIItoMorse\src\Top.v":1)
WARN  (EX3780) : Using initial value of 'setup' since it is never assigned("C:\Users\Dems1\Documents\Workspaces\Tang\Projects\ASCIItoMorse\src\Top.v":23)
WARN  (EX3791) : Expression size 32 truncated to fit in target size 3("C:\Users\Dems1\Documents\Workspaces\Tang\Projects\ASCIItoMorse\src\Top.v":41)
WARN  (EX3791) : Expression size 11 truncated to fit in target size 10("C:\Users\Dems1\Documents\Workspaces\Tang\Projects\ASCIItoMorse\src\Top.v":58)
WARN  (EX3791) : Expression size 4 truncated to fit in target size 3("C:\Users\Dems1\Documents\Workspaces\Tang\Projects\ASCIItoMorse\src\Top.v":61)
Compiling module 'buffer'("C:\Users\Dems1\Documents\Workspaces\Tang\Projects\ASCIItoMorse\src\buffer.v":1)
Extracting RAM for identifier 'memory'("C:\Users\Dems1\Documents\Workspaces\Tang\Projects\ASCIItoMorse\src\buffer.v":11)
Compiling module 'convertor'("C:\Users\Dems1\Documents\Workspaces\Tang\Projects\ASCIItoMorse\src\Convertor.v":21)
Extracting RAM for identifier 'morse_table'("C:\Users\Dems1\Documents\Workspaces\Tang\Projects\ASCIItoMorse\src\Convertor.v":30)
Compiling module 'rxuart'("C:\Users\Dems1\Documents\Workspaces\Tang\Projects\ASCIItoMorse\src\wbuart32\rxuart.v":120)
WARN  (EX3791) : Expression size 29 truncated to fit in target size 28("C:\Users\Dems1\Documents\Workspaces\Tang\Projects\ASCIItoMorse\src\wbuart32\rxuart.v":186)
WARN  (EX3791) : Expression size 5 truncated to fit in target size 4("C:\Users\Dems1\Documents\Workspaces\Tang\Projects\ASCIItoMorse\src\wbuart32\rxuart.v":298)
Compiling module 'txuart'("C:\Users\Dems1\Documents\Workspaces\Tang\Projects\ASCIItoMorse\src\wbuart32\txuart.v":99)
WARN  (EX3791) : Expression size 5 truncated to fit in target size 4("C:\Users\Dems1\Documents\Workspaces\Tang\Projects\ASCIItoMorse\src\wbuart32\txuart.v":220)
NOTE  (EX0101) : Current top module is "top"
[5%] Running netlist conversion ...
Running device independent optimization ...
[10%] Optimizing Phase 0 completed
[15%] Optimizing Phase 1 completed
[25%] Optimizing Phase 2 completed
Running inference ...
[30%] Inferring Phase 0 completed
[40%] Inferring Phase 1 completed
[50%] Inferring Phase 2 completed
[55%] Inferring Phase 3 completed
Running technical mapping ...
[60%] Tech-Mapping Phase 0 completed
[65%] Tech-Mapping Phase 1 completed
[75%] Tech-Mapping Phase 2 completed
[80%] Tech-Mapping Phase 3 completed
[90%] Tech-Mapping Phase 4 completed
[95%] Generate netlist file "C:\Users\Dems1\Documents\Workspaces\Tang\Projects\ASCIItoMorse\impl\gwsynthesis\ASCIItoMorse.vg" completed
[100%] Generate report file "C:\Users\Dems1\Documents\Workspaces\Tang\Projects\ASCIItoMorse\impl\gwsynthesis\ASCIItoMorse_syn.rpt.html" completed
GowinSynthesis finish
